\BOOKMARK [1][-]{section.1}{\376\377\000T\000h\000e\000\040\000S\000i\000x\000\040\000C\000o\000r\000r\000e\000l\000a\000t\000i\000o\000n\000\040\000P\000a\000r\000a\000m\000e\000t\000e\000r\000s}{}% 1
\BOOKMARK [2][-]{subsection.1.1}{\376\377\000O\000v\000e\000r\000v\000i\000e\000w}{section.1}% 2
\BOOKMARK [2][-]{subsection.1.2}{\376\377\000P\000a\000r\000a\000m\000e\000t\000e\000r\000\040\000D\000e\000f\000i\000n\000i\000t\000i\000o\000n\000s}{section.1}% 3
\BOOKMARK [2][-]{subsection.1.3}{\376\377\000V\000i\000s\000u\000a\000l\000\040\000S\000t\000r\000u\000c\000t\000u\000r\000e}{section.1}% 4
\BOOKMARK [2][-]{subsection.1.4}{\376\377\000E\000x\000p\000a\000n\000d\000e\000d\000\040\000E\000x\000a\000m\000p\000l\000e}{section.1}% 5
\BOOKMARK [2][-]{subsection.1.5}{\376\377\000W\000h\000a\000t\000\040\000E\000a\000c\000h\000\040\000P\000a\000r\000a\000m\000e\000t\000e\000r\000\040\000C\000o\000n\000t\000r\000o\000l\000s}{section.1}% 6
\BOOKMARK [3][-]{subsubsection.1.5.1}{\376\377\000W\000i\000t\000h\000i\000n\000-\000C\000o\000m\000p\000o\000n\000e\000n\000t\000\040\000A\000u\000t\000o\000c\000o\000r\000r\000e\000l\000a\000t\000i\000o\000n\000s\000\040\000\050\000P\000a\000r\000a\000m\000e\000t\000e\000r\000s\000\040\0001\040\023\0003\000\051}{subsection.1.5}% 7
\BOOKMARK [3][-]{subsubsection.1.5.2}{\376\377\000C\000r\000o\000s\000s\000-\000C\000o\000m\000p\000o\000n\000e\000n\000t\000,\000\040\000S\000a\000m\000e\000\040\000T\000i\000m\000e\000\040\000\050\000P\000a\000r\000a\000m\000e\000t\000e\000r\000\040\0004\000\051}{subsection.1.5}% 8
\BOOKMARK [3][-]{subsubsection.1.5.3}{\376\377\000C\000r\000o\000s\000s\000-\000C\000o\000m\000p\000o\000n\000e\000n\000t\000,\000\040\000D\000i\000f\000f\000e\000r\000e\000n\000t\000\040\000T\000i\000m\000e\000s\000\040\000\050\000P\000a\000r\000a\000m\000e\000t\000e\000r\000\040\0005\000\051}{subsection.1.5}% 9
\BOOKMARK [3][-]{subsubsection.1.5.4}{\376\377\000B\000i\000o\000m\000a\000r\000k\000e\000r\000-\000R\000e\000s\000p\000o\000n\000s\000e\000\040\000\050\000P\000a\000r\000a\000m\000e\000t\000e\000r\000\040\0006\000\051}{subsection.1.5}% 10
\BOOKMARK [2][-]{subsection.1.6}{\376\377\000C\000r\000i\000t\000i\000c\000a\000l\000\040\000H\000i\000e\000r\000a\000r\000c\000h\000y\000\040\000C\000o\000n\000s\000t\000r\000a\000i\000n\000t}{section.1}% 11
\BOOKMARK [1][-]{section.2}{\376\377\000R\000e\000c\000o\000m\000m\000e\000n\000d\000e\000d\000\040\000P\000a\000r\000a\000m\000e\000t\000e\000r\000\040\000V\000a\000l\000u\000e\000s}{}% 12
\BOOKMARK [2][-]{subsection.2.1}{\376\377\000T\000h\000r\000e\000e\000\040\000S\000t\000a\000n\000d\000a\000r\000d\000\040\000C\000o\000n\000f\000i\000g\000u\000r\000a\000t\000i\000o\000n\000s}{section.2}% 13
\BOOKMARK [3][-]{subsubsection.2.1.1}{\376\377\000H\000e\000n\000d\000r\000i\000c\000k\000s\000o\000n\000\040\000E\000x\000a\000c\000t\000\040\000\050\000f\000o\000r\000\040\000d\000i\000r\000e\000c\000t\000\040\000c\000o\000m\000p\000a\000r\000i\000s\000o\000n\000\051}{subsection.2.1}% 14
\BOOKMARK [3][-]{subsubsection.2.1.2}{\376\377\000I\000n\000t\000e\000r\000m\000e\000d\000i\000a\000t\000e\000\040\000\050\000P\000D\000F\000\040\000S\000e\000c\000t\000i\000o\000n\000\040\0009\000.\0001\000\040\000r\000e\000c\000o\000m\000m\000e\000n\000d\000a\000t\000i\000o\000n\000\051}{subsection.2.1}% 15
\BOOKMARK [3][-]{subsubsection.2.1.3}{\376\377\000C\000o\000n\000s\000e\000r\000v\000a\000t\000i\000v\000e\000\040\000\050\000a\000l\000w\000a\000y\000s\000\040\000w\000o\000r\000k\000s\000\051}{subsection.2.1}% 16
\BOOKMARK [2][-]{subsection.2.2}{\376\377\000R\000e\000c\000o\000m\000m\000e\000n\000d\000e\000d\000\040\000R\000a\000t\000i\000o\000s\000\040\000\050\000P\000D\000F\000\040\000G\000u\000i\000d\000e\000l\000i\000n\000e\000\040\0002\000\051}{section.2}% 17
\BOOKMARK [1][-]{section.3}{\376\377\000I\000n\000t\000u\000i\000t\000i\000v\000e\000\040\000U\000n\000d\000e\000r\000s\000t\000a\000n\000d\000i\000n\000g\000\040\000o\000f\000\040\000W\000i\000t\000h\000i\000n\000-\000C\000o\000m\000p\000o\000n\000e\000n\000t\000\040\000A\000u\000t\000o\000c\000o\000r\000r\000e\000l\000a\000t\000i\000o\000n\000s}{}% 18
\BOOKMARK [2][-]{subsection.3.1}{\376\377\000W\000h\000a\000t\000\040\000D\000o\000e\000s\000\040\000A\000u\000t\000o\000c\000o\000r\000r\000e\000l\000a\000t\000i\000o\000n\000\040\000R\000e\000p\000r\000e\000s\000e\000n\000t\000?}{section.3}% 19
\BOOKMARK [2][-]{subsection.3.2}{\376\377\000C\000o\000m\000p\000o\000n\000e\000n\000t\000-\000S\000p\000e\000c\000i\000f\000i\000c\000\040\000I\000n\000t\000e\000r\000p\000r\000e\000t\000a\000t\000i\000o\000n\000s}{section.3}% 20
\BOOKMARK [3][-]{subsubsection.3.2.1}{\376\377\000T\000i\000m\000e\000-\000V\000a\000r\000i\000a\000n\000t\000\040\000F\000a\000c\000t\000o\000r\000\040\000\050\000c\000.\000t\000v\000\051}{subsection.3.2}% 21
\BOOKMARK [3][-]{subsubsection.3.2.2}{\376\377\000P\000h\000a\000r\000m\000a\000c\000o\000l\000o\000g\000i\000c\000/\000E\000x\000p\000e\000c\000t\000a\000n\000c\000y\000\040\000F\000a\000c\000t\000o\000r\000\040\000\050\000c\000.\000p\000b\000\051}{subsection.3.2}% 22
\BOOKMARK [3][-]{subsubsection.3.2.3}{\376\377\000B\000i\000o\000l\000o\000g\000i\000c\000a\000l\000\040\000R\000e\000s\000p\000o\000n\000s\000e\000\040\000F\000a\000c\000t\000o\000r\000\040\000\050\000c\000.\000b\000r\000\051}{subsection.3.2}% 23
\BOOKMARK [2][-]{subsection.3.3}{\376\377\000M\000a\000t\000h\000e\000m\000a\000t\000i\000c\000a\000l\000\040\000I\000n\000t\000u\000i\000t\000i\000o\000n}{section.3}% 24
\BOOKMARK [3][-]{subsubsection.3.3.1}{\376\377\000W\000h\000a\000t\000\040\000t\000h\000e\000\040\000C\000o\000r\000r\000e\000l\000a\000t\000i\000o\000n\000\040\000M\000e\000a\000s\000u\000r\000e\000s}{subsection.3.3}% 25
\BOOKMARK [3][-]{subsubsection.3.3.2}{\376\377\000D\000e\000c\000o\000m\000p\000o\000s\000i\000n\000g\000\040\000t\000h\000e\000\040\000V\000a\000r\000i\000a\000n\000c\000e}{subsection.3.3}% 26
\BOOKMARK [3][-]{subsubsection.3.3.3}{\376\377\000V\000a\000r\000i\000a\000n\000c\000e\000\040\000P\000a\000r\000t\000i\000t\000i\000o\000n}{subsection.3.3}% 27
\BOOKMARK [1][-]{section.4}{\376\377\000E\000f\000f\000e\000c\000t\000\040\000o\000n\000\040\000S\000t\000a\000t\000i\000s\000t\000i\000c\000a\000l\000\040\000P\000o\000w\000e\000r}{}% 28
\BOOKMARK [2][-]{subsection.4.1}{\376\377\000H\000i\000g\000h\000\040\000A\000u\000t\000o\000c\000o\000r\000r\000e\000l\000a\000t\000i\000o\000n\000\040\000\050\000c\000.\000t\000v\000\040\000=\000\040\0000\000.\0008\000\051}{section.4}% 29
\BOOKMARK [3][-]{subsubsection.4.1.1}{\376\377\000A\000d\000v\000a\000n\000t\000a\000g\000e\000s}{subsection.4.1}% 30
\BOOKMARK [3][-]{subsubsection.4.1.2}{\376\377\000D\000i\000s\000a\000d\000v\000a\000n\000t\000a\000g\000e\000s}{subsection.4.1}% 31
\BOOKMARK [3][-]{subsubsection.4.1.3}{\376\377\000B\000e\000s\000t\000\040\000F\000o\000r}{subsection.4.1}% 32
\BOOKMARK [2][-]{subsection.4.2}{\376\377\000L\000o\000w\000\040\000A\000u\000t\000o\000c\000o\000r\000r\000e\000l\000a\000t\000i\000o\000n\000\040\000\050\000c\000.\000t\000v\000\040\000=\000\040\0000\000.\0003\000\051}{section.4}% 33
\BOOKMARK [3][-]{subsubsection.4.2.1}{\376\377\000A\000d\000v\000a\000n\000t\000a\000g\000e\000s}{subsection.4.2}% 34
\BOOKMARK [3][-]{subsubsection.4.2.2}{\376\377\000D\000i\000s\000a\000d\000v\000a\000n\000t\000a\000g\000e\000s}{subsection.4.2}% 35
\BOOKMARK [3][-]{subsubsection.4.2.3}{\376\377\000B\000e\000s\000t\000\040\000F\000o\000r}{subsection.4.2}% 36
\BOOKMARK [1][-]{section.5}{\376\377\000W\000h\000y\000\040\000H\000e\000n\000d\000r\000i\000c\000k\000s\000o\000n\000\040\000C\000h\000o\000s\000e\000\040\000H\000i\000g\000h\000\040\000A\000u\000t\000o\000c\000o\000r\000r\000e\000l\000a\000t\000i\000o\000n\000s}{}% 37
\BOOKMARK [2][-]{subsection.5.1}{\376\377\000H\000e\000n\000d\000r\000i\000c\000k\000s\000o\000n\000'\000s\000\040\000C\000h\000o\000i\000c\000e\000:\000\040\000c\000.\000t\000v\000\040\000=\000\040\000c\000.\000p\000b\000\040\000=\000\040\000c\000.\000b\000r\000\040\000=\000\040\0000\000.\0008}{section.5}% 38
\BOOKMARK [3][-]{subsubsection.5.1.1}{\376\377\000T\000h\000e\000o\000r\000e\000t\000i\000c\000a\000l\000\040\000J\000u\000s\000t\000i\000f\000i\000c\000a\000t\000i\000o\000n}{subsection.5.1}% 39
\BOOKMARK [3][-]{subsubsection.5.1.2}{\376\377\000P\000r\000a\000c\000t\000i\000c\000a\000l\000\040\000I\000m\000p\000a\000c\000t}{subsection.5.1}% 40
\BOOKMARK [2][-]{subsection.5.2}{\376\377\000V\000i\000s\000u\000a\000l\000\040\000C\000o\000m\000p\000a\000r\000i\000s\000o\000n}{section.5}% 41
\BOOKMARK [3][-]{subsubsection.5.2.1}{\376\377\000H\000i\000g\000h\000\040\000A\000u\000t\000o\000c\000o\000r\000r\000e\000l\000a\000t\000i\000o\000n\000\040\000\050\000c\000.\000b\000r\000\040\000=\000\040\0000\000.\0008\000\051\000:\000\040\000`\000`\000R\000e\000s\000p\000o\000n\000d\000e\000r\000\040\000T\000y\000p\000e\000s\000'\000'}{subsection.5.2}% 42
\BOOKMARK [3][-]{subsubsection.5.2.2}{\376\377\000L\000o\000w\000\040\000A\000u\000t\000o\000c\000o\000r\000r\000e\000l\000a\000t\000i\000o\000n\000\040\000\050\000c\000.\000b\000r\000\040\000=\000\040\0000\000.\0003\000\051\000:\000\040\000`\000`\000V\000a\000r\000i\000a\000b\000l\000e\000\040\000R\000e\000s\000p\000o\000n\000s\000e\000'\000'}{subsection.5.2}% 43
\BOOKMARK [1][-]{section.6}{\376\377\000C\000o\000n\000n\000e\000c\000t\000i\000o\000n\000\040\000t\000o\000\040\000S\000t\000u\000d\000y\000\040\000D\000e\000s\000i\000g\000n}{}% 44
\BOOKMARK [2][-]{subsection.6.1}{\376\377\000C\000r\000o\000s\000s\000o\000v\000e\000r\000\040\000D\000e\000s\000i\000g\000n\000s\000\040\000\050\000N\000-\000o\000f\000-\0001\000\051}{section.6}% 45
\BOOKMARK [2][-]{subsection.6.2}{\376\377\000P\000r\000a\000c\000t\000i\000c\000a\000l\000\040\000I\000m\000p\000l\000i\000c\000a\000t\000i\000o\000n\000s\000\040\000f\000o\000r\000\040\000Y\000o\000u\000r\000\040\000S\000i\000m\000u\000l\000a\000t\000i\000o\000n}{section.6}% 46
\BOOKMARK [3][-]{subsubsection.6.2.1}{\376\377\000W\000h\000a\000t\000\040\000c\000.\000t\000v\000\040\000=\000\040\0000\000.\0008\000\040\000m\000e\000a\000n\000s\000\040\000f\000o\000r\000\040\000y\000o\000u\000r\000\040\000r\000e\000s\000u\000l\000t\000s}{subsection.6.2}% 47
\BOOKMARK [3][-]{subsubsection.6.2.2}{\376\377\000W\000h\000a\000t\000\040\000c\000.\000t\000v\000\040\000=\000\040\0000\000.\0003\000\040\000w\000o\000u\000l\000d\000\040\000m\000e\000a\000n}{subsection.6.2}% 48
\BOOKMARK [1][-]{section.7}{\376\377\000C\000h\000o\000o\000s\000i\000n\000g\000\040\000V\000a\000l\000u\000e\000s\000\040\000f\000o\000r\000\040\000Y\000o\000u\000r\000\040\000S\000i\000m\000u\000l\000a\000t\000i\000o\000n}{}% 49
\BOOKMARK [2][-]{subsection.7.1}{\376\377\000A\000u\000t\000o\000c\000o\000r\000r\000e\000l\000a\000t\000i\000o\000n\000\040\000G\000u\000i\000d\000e\000l\000i\000n\000e\000s}{section.7}% 50
\BOOKMARK [3][-]{subsubsection.7.1.1}{\376\377\000C\000o\000n\000s\000e\000r\000v\000a\000t\000i\000v\000e\000\040\000\050\000c\000\040\000=\000\040\0000\000.\0005\000\051}{subsection.7.1}% 51
\BOOKMARK [3][-]{subsubsection.7.1.2}{\376\377\000M\000o\000d\000e\000r\000a\000t\000e\000-\000H\000i\000g\000h\000\040\000\050\000c\000\040\000=\000\040\0000\000.\0006\0005\000\051}{subsection.7.1}% 52
\BOOKMARK [3][-]{subsubsection.7.1.3}{\376\377\000H\000i\000g\000h\000\040\000\050\000c\000\040\000=\000\040\0000\000.\0008\040\024\000H\000e\000n\000d\000r\000i\000c\000k\000s\000o\000n\000\051}{subsection.7.1}% 53
\BOOKMARK [2][-]{subsection.7.2}{\376\377\000S\000u\000m\000m\000a\000r\000y\000\040\000T\000a\000b\000l\000e}{section.7}% 54
\BOOKMARK [1][-]{section.8}{\376\377\000K\000e\000y\000\040\000T\000a\000k\000e\000a\000w\000a\000y\000s}{}% 55
\BOOKMARK [2][-]{subsection.8.1}{\376\377\000T\000h\000e\000\040\000S\000i\000x\000\040\000P\000a\000r\000a\000m\000e\000t\000e\000r\000s\000\040\000C\000o\000n\000t\000r\000o\000l\000\040\000E\000v\000e\000r\000y\000t\000h\000i\000n\000g}{section.8}% 56
\BOOKMARK [2][-]{subsection.8.2}{\376\377\000W\000i\000t\000h\000i\000n\000-\000C\000o\000m\000p\000o\000n\000e\000n\000t\000\040\000A\000u\000t\000o\000c\000o\000r\000r\000e\000l\000a\000t\000i\000o\000n\000\040\000i\000s\000\040\000C\000r\000i\000t\000i\000c\000a\000l}{section.8}% 57
\BOOKMARK [2][-]{subsection.8.3}{\376\377\000A\000l\000w\000a\000y\000s\000\040\000M\000a\000i\000n\000t\000a\000i\000n\000\040\000t\000h\000e\000\040\000H\000i\000e\000r\000a\000r\000c\000h\000y}{section.8}% 58
\BOOKMARK [2][-]{subsection.8.4}{\376\377\000H\000e\000n\000d\000r\000i\000c\000k\000s\000o\000n\000'\000s\000\040\000C\000h\000o\000i\000c\000e\000\040\000i\000s\000\040\000W\000e\000l\000l\000-\000J\000u\000s\000t\000i\000f\000i\000e\000d}{section.8}% 59
\BOOKMARK [2][-]{subsection.8.5}{\376\377\000P\000r\000a\000c\000t\000i\000c\000a\000l\000\040\000R\000e\000c\000o\000m\000m\000e\000n\000d\000a\000t\000i\000o\000n\000s}{section.8}% 60
\BOOKMARK [1][-]{section.9}{\376\377\000R\000e\000f\000e\000r\000e\000n\000c\000e\000s}{}% 61
