\BOOKMARK [1][-]{section.1}{\376\377\000T\000h\000e\000\040\000C\000o\000r\000e\000\040\000Q\000u\000e\000s\000t\000i\000o\000n}{}% 1
\BOOKMARK [1][-]{section.2}{\376\377\000T\000h\000e\000\040\000S\000t\000a\000t\000i\000s\000t\000i\000c\000a\000l\000\040\000M\000o\000d\000e\000l}{}% 2
\BOOKMARK [1][-]{section.3}{\376\377\000A\000r\000g\000u\000m\000e\000n\000t\000\040\0001\000:\000\040\000C\000a\000r\000r\000y\000o\000v\000e\000r\000\040\000S\000h\000o\000u\000l\000d\000\040\000N\000O\000T\000\040\000C\000h\000a\000n\000g\000e\000\040\000C\000o\000r\000r\000e\000l\000a\000t\000i\000o\000n\000s}{}% 3
\BOOKMARK [2][-]{subsection.3.1}{\376\377\000P\000o\000s\000i\000t\000i\000o\000n}{section.3}% 4
\BOOKMARK [2][-]{subsection.3.2}{\376\377\000R\000e\000a\000s\000o\000n\000i\000n\000g}{section.3}% 5
\BOOKMARK [3][-]{subsubsection.3.2.1}{\376\377\000C\000a\000r\000r\000y\000o\000v\000e\000r\000\040\000R\000e\000p\000r\000e\000s\000e\000n\000t\000s\000\040\000S\000y\000s\000t\000e\000m\000a\000t\000i\000c\000\040\000P\000e\000r\000s\000i\000s\000t\000e\000n\000c\000e}{subsection.3.2}% 6
\BOOKMARK [3][-]{subsubsection.3.2.2}{\376\377\000C\000o\000r\000r\000e\000l\000a\000t\000i\000o\000n\000\040\000P\000a\000r\000a\000m\000e\000t\000e\000r\000s\000\040\000R\000e\000p\000r\000e\000s\000e\000n\000t\000\040\000R\000e\000s\000i\000d\000u\000a\000l\000\040\000D\000e\000p\000e\000n\000d\000e\000n\000c\000i\000e\000s}{subsection.3.2}% 7
\BOOKMARK [3][-]{subsubsection.3.2.3}{\376\377\000A\000n\000a\000l\000o\000g\000y\000\040\000t\000o\000\040\000L\000i\000n\000e\000a\000r\000\040\000M\000i\000x\000e\000d\000\040\000M\000o\000d\000e\000l\000s}{subsection.3.2}% 8
\BOOKMARK [3][-]{subsubsection.3.2.4}{\376\377\000S\000t\000a\000t\000i\000s\000t\000i\000c\000a\000l\000\040\000I\000n\000d\000e\000p\000e\000n\000d\000e\000n\000c\000e\000\040\000o\000f\000\040\000P\000a\000r\000a\000m\000e\000t\000e\000r\000s}{subsection.3.2}% 9
\BOOKMARK [2][-]{subsection.3.3}{\376\377\000H\000e\000n\000d\000r\000i\000c\000k\000s\000o\000n\000'\000s\000\040\000I\000m\000p\000l\000e\000m\000e\000n\000t\000a\000t\000i\000o\000n}{section.3}% 10
\BOOKMARK [1][-]{section.4}{\376\377\000A\000r\000g\000u\000m\000e\000n\000t\000\040\0002\000:\000\040\000C\000a\000r\000r\000y\000o\000v\000e\000r\000\040\000S\000H\000O\000U\000L\000D\000\040\000C\000h\000a\000n\000g\000e\000\040\000C\000o\000r\000r\000e\000l\000a\000t\000i\000o\000n\000s}{}% 11
\BOOKMARK [2][-]{subsection.4.1}{\376\377\000P\000o\000s\000i\000t\000i\000o\000n}{section.4}% 12
\BOOKMARK [2][-]{subsection.4.2}{\376\377\000R\000e\000a\000s\000o\000n\000i\000n\000g}{section.4}% 13
\BOOKMARK [3][-]{subsubsection.4.2.1}{\376\377\000C\000a\000r\000r\000y\000o\000v\000e\000r\000\040\000C\000r\000e\000a\000t\000e\000s\000\040\000M\000e\000c\000h\000a\000n\000i\000s\000t\000i\000c\000\040\000C\000o\000r\000r\000e\000l\000a\000t\000i\000o\000n}{subsection.4.2}% 14
\BOOKMARK [3][-]{subsubsection.4.2.2}{\376\377\000A\000u\000t\000o\000c\000o\000r\000r\000e\000l\000a\000t\000i\000o\000n\000\040\000S\000h\000o\000u\000l\000d\000\040\000I\000n\000c\000r\000e\000a\000s\000e\000\040\000w\000i\000t\000h\000\040\000C\000a\000r\000r\000y\000o\000v\000e\000r}{subsection.4.2}% 15
\BOOKMARK [3][-]{subsubsection.4.2.3}{\376\377\000D\000i\000s\000t\000i\000n\000g\000u\000i\000s\000h\000i\000n\000g\000\040\000W\000i\000t\000h\000i\000n\000-\000P\000e\000r\000s\000o\000n\000\040\000v\000s\000\040\000B\000e\000t\000w\000e\000e\000n\000-\000P\000e\000r\000s\000o\000n\000\040\000E\000f\000f\000e\000c\000t\000s}{subsection.4.2}% 16
\BOOKMARK [3][-]{subsubsection.4.2.4}{\376\377\000C\000r\000o\000s\000s\000-\000T\000i\000m\000e\000\040\000C\000o\000r\000r\000e\000l\000a\000t\000i\000o\000n\000s\000\040\000M\000a\000t\000t\000e\000r}{subsection.4.2}% 17
\BOOKMARK [1][-]{section.5}{\376\377\000W\000h\000a\000t\000\040\000D\000o\000e\000s\000\040\000t\000h\000e\000\040\000L\000i\000t\000e\000r\000a\000t\000u\000r\000e\000\040\000S\000a\000y\000?}{}% 18
\BOOKMARK [2][-]{subsection.5.1}{\376\377\000T\000i\000m\000e\000\040\000S\000e\000r\000i\000e\000s\000\040\000/\000\040\000L\000o\000n\000g\000i\000t\000u\000d\000i\000n\000a\000l\000\040\000D\000a\000t\000a\000\040\000P\000e\000r\000s\000p\000e\000c\000t\000i\000v\000e}{section.5}% 19
\BOOKMARK [2][-]{subsection.5.2}{\376\377\000M\000u\000l\000t\000i\000v\000a\000r\000i\000a\000t\000e\000\040\000N\000o\000r\000m\000a\000l\000\040\000S\000a\000m\000p\000l\000i\000n\000g\000\040\000P\000e\000r\000s\000p\000e\000c\000t\000i\000v\000e}{section.5}% 20
\BOOKMARK [1][-]{section.6}{\376\377\000T\000h\000e\000\040\000C\000r\000i\000t\000i\000c\000a\000l\000\040\000D\000i\000s\000t\000i\000n\000c\000t\000i\000o\000n}{}% 21
\BOOKMARK [2][-]{subsection.6.1}{\376\377\000H\000e\000n\000d\000r\000i\000c\000k\000s\000o\000n\000'\000s\000\040\000M\000o\000d\000e\000l}{section.6}% 22
\BOOKMARK [2][-]{subsection.6.2}{\376\377\000A\000l\000t\000e\000r\000n\000a\000t\000i\000v\000e\000\040\000M\000o\000d\000e\000l\000\040\000E\000n\000h\000a\000n\000c\000e\000m\000e\000n\000t}{section.6}% 23
\BOOKMARK [1][-]{section.7}{\376\377\000W\000h\000i\000c\000h\000\040\000i\000s\000\040\000C\000o\000r\000r\000e\000c\000t\000?}{}% 24
\BOOKMARK [2][-]{subsection.7.1}{\376\377\000H\000e\000n\000d\000r\000i\000c\000k\000s\000o\000n\000'\000s\000\040\000A\000p\000p\000r\000o\000a\000c\000h\000\040\000\050\000M\000e\000a\000n\000s\000\040\000O\000n\000l\000y\000\051\000\040\000i\000s\000\040\000C\000o\000r\000r\000e\000c\000t\000\040\000I\000f\000:}{section.7}% 25
\BOOKMARK [2][-]{subsection.7.2}{\376\377\000A\000l\000t\000e\000r\000n\000a\000t\000i\000v\000e\000\040\000A\000p\000p\000r\000o\000a\000c\000h\000\040\000\050\000M\000e\000a\000n\000s\000\040\000+\000\040\000C\000o\000r\000r\000e\000l\000a\000t\000i\000o\000n\000s\000\051\000\040\000i\000s\000\040\000C\000o\000r\000r\000e\000c\000t\000\040\000I\000f\000:}{section.7}% 26
\BOOKMARK [1][-]{section.8}{\376\377\000A\000s\000s\000e\000s\000s\000m\000e\000n\000t}{}% 27
\BOOKMARK [2][-]{subsection.8.1}{\376\377\000M\000a\000t\000h\000e\000m\000a\000t\000i\000c\000a\000l\000l\000y\000/\000S\000t\000a\000t\000i\000s\000t\000i\000c\000a\000l\000l\000y}{section.8}% 28
\BOOKMARK [3][-]{subsubsection.8.1.1}{\376\377\000H\000e\000n\000d\000r\000i\000c\000k\000s\000o\000n\000'\000s\000\040\000A\000p\000p\000r\000o\000a\000c\000h\000\040\000i\000s\000\040\000C\000l\000e\000a\000n\000e\000r\000:}{subsection.8.1}% 29
\BOOKMARK [3][-]{subsubsection.8.1.2}{\376\377\000A\000l\000t\000e\000r\000n\000a\000t\000i\000v\000e\000\040\000A\000p\000p\000r\000o\000a\000c\000h\000\040\000i\000s\000\040\000M\000o\000r\000e\000\040\000M\000e\000c\000h\000a\000n\000i\000s\000t\000i\000c\000a\000l\000l\000y\000\040\000A\000c\000c\000u\000r\000a\000t\000e\000:}{subsection.8.1}% 30
\BOOKMARK [2][-]{subsection.8.2}{\376\377\000T\000h\000e\000\040\000D\000o\000u\000b\000l\000e\000-\000C\000o\000u\000n\000t\000i\000n\000g\000\040\000P\000r\000o\000b\000l\000e\000m}{section.8}% 31
\BOOKMARK [2][-]{subsection.8.3}{\376\377\000H\000e\000n\000d\000r\000i\000c\000k\000s\000o\000n\000'\000s\000\040\000A\000p\000p\000r\000o\000a\000c\000h\000\040\000A\000v\000o\000i\000d\000s\000\040\000T\000h\000i\000s}{section.8}% 32
\BOOKMARK [1][-]{section.9}{\376\377\000R\000e\000c\000o\000m\000m\000e\000n\000d\000a\000t\000i\000o\000n}{}% 33
\BOOKMARK [2][-]{subsection.9.1}{\376\377\000H\000e\000n\000d\000r\000i\000c\000k\000s\000o\000n\000'\000s\000\040\000A\000p\000p\000r\000o\000a\000c\000h\000\040\000i\000s\000\040\000T\000h\000e\000o\000r\000e\000t\000i\000c\000a\000l\000l\000y\000\040\000C\000l\000e\000a\000n\000e\000r}{section.9}% 34
\BOOKMARK [2][-]{subsection.9.2}{\376\377\000H\000o\000w\000e\000v\000e\000r\000,\000\040\000t\000h\000e\000\040\000A\000l\000t\000e\000r\000n\000a\000t\000i\000v\000e\000\040\000E\000n\000h\000a\000n\000c\000e\000m\000e\000n\000t\000\040\000C\000o\000u\000l\000d\000\040\000B\000e\000\040\000J\000u\000s\000t\000i\000f\000i\000e\000d\000\040\000I\000f\000:}{section.9}% 35
\BOOKMARK [1][-]{section.10}{\376\377\000C\000o\000n\000c\000l\000u\000s\000i\000o\000n}{}% 36
\BOOKMARK [2][-]{subsection.10.1}{\376\377\000A\000n\000s\000w\000e\000r\000\040\000t\000o\000\040\000t\000h\000e\000\040\000C\000o\000r\000e\000\040\000Q\000u\000e\000s\000t\000i\000o\000n}{section.10}% 37
\BOOKMARK [2][-]{subsection.10.2}{\376\377\000I\000m\000p\000l\000i\000c\000a\000t\000i\000o\000n\000s}{section.10}% 38
