\BOOKMARK [1][-]{section.1}{\376\377\000I\000n\000t\000r\000o\000d\000u\000c\000t\000i\000o\000n}{}% 1
\BOOKMARK [1][-]{section.2}{\376\377\000F\000o\000u\000n\000d\000a\000t\000i\000o\000n\000a\000l\000\040\000C\000o\000n\000c\000e\000p\000t\000s}{}% 2
\BOOKMARK [2][-]{subsection.2.1}{\376\377\000C\000o\000v\000a\000r\000i\000a\000n\000c\000e\000\040\000a\000n\000d\000\040\000C\000o\000r\000r\000e\000l\000a\000t\000i\000o\000n\000:\000\040\000U\000n\000i\000v\000a\000r\000i\000a\000t\000e\000\040\000C\000a\000s\000e}{section.2}% 3
\BOOKMARK [1][-]{section.3}{\376\377\000M\000u\000l\000t\000i\000v\000a\000r\000i\000a\000t\000e\000\040\000E\000x\000t\000e\000n\000s\000i\000o\000n}{}% 4
\BOOKMARK [2][-]{subsection.3.1}{\376\377\000C\000o\000v\000a\000r\000i\000a\000n\000c\000e\000\040\000M\000a\000t\000r\000i\000x}{section.3}% 5
\BOOKMARK [2][-]{subsection.3.2}{\376\377\000C\000o\000r\000r\000e\000l\000a\000t\000i\000o\000n\000\040\000M\000a\000t\000r\000i\000x}{section.3}% 6
\BOOKMARK [2][-]{subsection.3.3}{\376\377\000P\000o\000s\000i\000t\000i\000v\000e\000\040\000D\000e\000f\000i\000n\000i\000t\000e\000n\000e\000s\000s}{section.3}% 7
\BOOKMARK [1][-]{section.4}{\376\377\000T\000h\000e\000\040\000S\000i\000g\000m\000a\000\040\000M\000a\000t\000r\000i\000x\000\040\000D\000e\000c\000o\000m\000p\000o\000s\000i\000t\000i\000o\000n\000:\000\040\003\243\000\040\000=\000\040\000D\000\267\000R\000\267\000D}{}% 8
\BOOKMARK [2][-]{subsection.4.1}{\376\377\000D\000e\000f\000i\000n\000i\000n\000g\000\040\000t\000h\000e\000\040\000D\000i\000a\000g\000o\000n\000a\000l\000\040\000S\000t\000a\000n\000d\000a\000r\000d\000\040\000D\000e\000v\000i\000a\000t\000i\000o\000n\000\040\000M\000a\000t\000r\000i\000x}{section.4}% 9
\BOOKMARK [2][-]{subsection.4.2}{\376\377\000M\000a\000i\000n\000\040\000D\000e\000r\000i\000v\000a\000t\000i\000o\000n}{section.4}% 10
\BOOKMARK [2][-]{subsection.4.3}{\376\377\000E\000l\000e\000m\000e\000n\000t\000-\000W\000i\000s\000e\000\040\000I\000l\000l\000u\000s\000t\000r\000a\000t\000i\000o\000n}{section.4}% 11
\BOOKMARK [1][-]{section.5}{\376\377\000K\000e\000y\000\040\000P\000r\000o\000p\000e\000r\000t\000i\000e\000s}{}% 12
\BOOKMARK [2][-]{subsection.5.1}{\376\377\000P\000r\000e\000s\000e\000r\000v\000a\000t\000i\000o\000n\000\040\000o\000f\000\040\000P\000o\000s\000i\000t\000i\000v\000e\000\040\000D\000e\000f\000i\000n\000i\000t\000e\000n\000e\000s\000s}{section.5}% 13
\BOOKMARK [2][-]{subsection.5.2}{\376\377\000S\000y\000m\000m\000e\000t\000r\000y\000\040\000P\000r\000e\000s\000e\000r\000v\000a\000t\000i\000o\000n}{section.5}% 14
\BOOKMARK [1][-]{section.6}{\376\377\000C\000o\000m\000p\000u\000t\000a\000t\000i\000o\000n\000a\000l\000\040\000I\000m\000p\000l\000e\000m\000e\000n\000t\000a\000t\000i\000o\000n}{}% 15
\BOOKMARK [2][-]{subsection.6.1}{\376\377\000R\000\040\000I\000m\000p\000l\000e\000m\000e\000n\000t\000a\000t\000i\000o\000n}{section.6}% 16
\BOOKMARK [2][-]{subsection.6.2}{\376\377\000E\000x\000p\000l\000i\000c\000i\000t\000\040\000C\000o\000m\000p\000u\000t\000a\000t\000i\000o\000n}{section.6}% 17
\BOOKMARK [2][-]{subsection.6.3}{\376\377\000C\000o\000m\000p\000u\000t\000a\000t\000i\000o\000n\000a\000l\000\040\000A\000d\000v\000a\000n\000t\000a\000g\000e\000s}{section.6}% 18
\BOOKMARK [1][-]{section.7}{\376\377\000A\000p\000p\000l\000i\000c\000a\000t\000i\000o\000n\000\040\000t\000o\000\040\000C\000l\000i\000n\000i\000c\000a\000l\000\040\000T\000r\000i\000a\000l\000\040\000S\000i\000m\000u\000l\000a\000t\000i\000o\000n}{}% 19
\BOOKMARK [2][-]{subsection.7.1}{\376\377\000G\000e\000n\000e\000r\000a\000l\000\040\000F\000r\000a\000m\000e\000w\000o\000r\000k}{section.7}% 20
\BOOKMARK [2][-]{subsection.7.2}{\376\377\000W\000h\000y\000\040\000T\000h\000i\000s\000\040\000M\000a\000t\000t\000e\000r\000s}{section.7}% 21
\BOOKMARK [1][-]{section.8}{\376\377\000E\000x\000a\000m\000p\000l\000e\000:\000\040\0003\000-\000V\000a\000r\000i\000a\000b\000l\000e\000\040\000C\000a\000s\000e}{}% 22
\BOOKMARK [1][-]{section.9}{\376\377\000B\000l\000o\000c\000k\000\040\000P\000a\000r\000t\000i\000t\000i\000o\000n\000i\000n\000g\000:\000\040\000F\000r\000o\000m\000\040\0002\0006\000\327\0002\0006\000\040\000t\000o\000\040\0002\000\327\0002\000\040\000I\000n\000v\000e\000r\000s\000i\000o\000n}{}% 23
\BOOKMARK [2][-]{subsection.9.1}{\376\377\000M\000o\000t\000i\000v\000a\000t\000i\000o\000n\000:\000\040\000C\000u\000r\000s\000e\000\040\000o\000f\000\040\000D\000i\000m\000e\000n\000s\000i\000o\000n\000a\000l\000i\000t\000y}{section.9}% 24
\BOOKMARK [2][-]{subsection.9.2}{\376\377\000B\000l\000o\000c\000k\000\040\000M\000a\000t\000r\000i\000x\000\040\000P\000a\000r\000t\000i\000t\000i\000o\000n\000i\000n\000g}{section.9}% 25
\BOOKMARK [3][-]{subsubsection.9.2.1}{\376\377\000E\000x\000p\000l\000i\000c\000i\000t\000\040\000B\000l\000o\000c\000k\000\040\000S\000t\000r\000u\000c\000t\000u\000r\000e}{subsection.9.2}% 26
\BOOKMARK [2][-]{subsection.9.3}{\376\377\000C\000o\000n\000s\000t\000r\000u\000c\000t\000i\000o\000n\000\040\000o\000f\000\040\0002\0002\000\040\000\050\0002\000\327\0002\000\051}{section.9}% 27
\BOOKMARK [2][-]{subsection.9.4}{\376\377\000C\000o\000n\000s\000t\000r\000u\000c\000t\000i\000o\000n\000\040\000o\000f\000\040\0001\0001\000\040\000\050\0002\0004\000\327\0002\0004\000\051}{section.9}% 28
\BOOKMARK [3][-]{subsubsection.9.4.1}{\376\377\000W\000i\000t\000h\000i\000n\000-\000F\000a\000c\000t\000o\000r\000\040\000B\000l\000o\000c\000k\000s\000\040\000\050\000A\000R\000\050\0001\000\051\000\040\000S\000t\000r\000u\000c\000t\000u\000r\000e\000\051}{subsection.9.4}% 29
\BOOKMARK [3][-]{subsubsection.9.4.2}{\376\377\000C\000r\000o\000s\000s\000-\000F\000a\000c\000t\000o\000r\000\040\000B\000l\000o\000c\000k\000s}{subsection.9.4}% 30
\BOOKMARK [2][-]{subsection.9.5}{\376\377\000C\000o\000n\000s\000t\000r\000u\000c\000t\000i\000o\000n\000\040\000o\000f\000\040\0001\0002\000\040\000\050\0002\0004\000\327\0002\000\051}{section.9}% 31
\BOOKMARK [2][-]{subsection.9.6}{\376\377\000T\000h\000e\000\040\000C\000o\000n\000d\000i\000t\000i\000o\000n\000a\000l\000\040\000N\000o\000r\000m\000a\000l\000\040\000I\000d\000e\000n\000t\000i\000t\000y}{section.9}% 32
\BOOKMARK [2][-]{subsection.9.7}{\376\377\000C\000o\000m\000p\000u\000t\000a\000t\000i\000o\000n\000a\000l\000\040\000A\000d\000v\000a\000n\000t\000a\000g\000e}{section.9}% 33
\BOOKMARK [2][-]{subsection.9.8}{\376\377\000T\000w\000o\000-\000S\000t\000a\000g\000e\000\040\000S\000a\000m\000p\000l\000i\000n\000g\000\040\000A\000l\000g\000o\000r\000i\000t\000h\000m}{section.9}% 34
\BOOKMARK [1][-]{section.10}{\376\377\000C\000o\000n\000c\000l\000u\000s\000i\000o\000n}{}% 35
\BOOKMARK [1][-]{appendix.A}{\376\377\000M\000a\000t\000r\000i\000x\000\040\000A\000l\000g\000e\000b\000r\000a\000\040\000R\000e\000f\000e\000r\000e\000n\000c\000e}{}% 36
\BOOKMARK [2][-]{subsection.A.1}{\376\377\000O\000u\000t\000e\000r\000\040\000P\000r\000o\000d\000u\000c\000t}{appendix.A}% 37
\BOOKMARK [2][-]{subsection.A.2}{\376\377\000D\000i\000a\000g\000o\000n\000a\000l\000\040\000M\000a\000t\000r\000i\000x\000\040\000P\000r\000o\000p\000e\000r\000t\000i\000e\000s}{appendix.A}% 38
\BOOKMARK [2][-]{subsection.A.3}{\376\377\000M\000a\000t\000r\000i\000x\000\040\000T\000r\000a\000n\000s\000p\000o\000s\000e\000\040\000P\000r\000o\000p\000e\000r\000t\000i\000e\000s}{appendix.A}% 39
\BOOKMARK [2][-]{subsection.A.4}{\376\377\000E\000i\000g\000e\000n\000v\000a\000l\000u\000e\000\040\000P\000r\000o\000p\000e\000r\000t\000i\000e\000s}{appendix.A}% 40
